Optimisation           Analysis            
---------------------- 
                   
Objective:             MaxExpectedBenefit
 
Objective:             MinExpectedCost
    
SolutionSpace:         24
                 
Minimal SolutionSet:   16
                 
Shortlisted:           5
                  
Runtime(s):            0
                  
ID blocking policy   processing type fraud detection method alert threshold ExpectedBenefit    ExpectedCost         Optimal
 
1  block first       continuous      rule-based                             400589.69494421524 1231559.3137063887   Yes
     
2  investigate first continuous      classifier             low             238643.45440271852 470996.91991813097   Yes
     
3  investigate first batch           classifier             low             -144966.2949630457 256602.10402654094   Yes
     
4  block first       continuous      classifier             low             384939.619492541   470996.91991813097   Yes
     
5  block first       batch           classifier             low             1329.8701267768124 256602.10402654094   Yes
     
6  investigate first batch           classifier             high            -28128.91516427506 1.2168250329871302E7 No
      
7  block first       continuous      classifier             medium          400507.47904780175 6776764.28791273     No
      
8  investigate first batch           rule-based                             -51800.34085382709 622740.2434262696    No
      
9  block first       continuous      classifier             high            412028.73425258405 1.8263881740721263E7 No
      
10 investigate first continuous      classifier             high            265732.56916276034 1.8263881740721263E7 No
      
11 block first       batch           rule-based                             94495.82423599542  622740.2434262696    No
      
12 investigate first batch           classifier             medium          -80315.5330005272  2654525.494389532    No
      
13 investigate first continuous      rule-based                             254293.52985439275 1231559.3137063887   No
      
14 investigate first continuous      classifier             medium          254211.31395797883 6776764.28791273     No
      
15 block first       batch           classifier             medium          65980.6320892952   2654525.494389532    No
      
16 block first       batch           classifier             high            118167.24992554734 1.2168250329871302E7 No
      


Optimisation           Analysis            
---------------------- 
                   
Objective:             MaxExpectedBenefit
 
Objective:             MinExpectedCost
    
SolutionSpace:         24
                 
Minimal SolutionSet:   16
                 
Shortlisted:           5
                  
Runtime(s):            0
                  
ID blocking policy   processing type fraud detection method alert threshold ExpectedBenefit     ExpectedCost         Optimal
 
1  block first       continuous      rule-based                             404721.24725876434  1226042.0316277707   Yes
     
2  investigate first continuous      classifier             low             240860.1099238953   458288.8134185135    Yes
     
3  investigate first batch           classifier             low             -130043.56666591993 263050.73397721956   Yes
     
4  block first       continuous      classifier             low             389518.33809881064  458288.8134185135    Yes
     
5  block first       batch           classifier             low             18614.66150899426   263050.73397721956   Yes
     
6  investigate first batch           classifier             high            -15289.243502251516 1.214073874396687E7  No
      
7  block first       continuous      classifier             medium          404520.6987924816   6763763.089924615    No
      
8  investigate first batch           rule-based                             -37876.6231974135   620009.232624581     No
      
9  block first       continuous      classifier             high            415670.9315472209   1.8199871150039192E7 No
      
10 investigate first continuous      classifier             high            267012.70337230584  1.8199871150039192E7 No
      
11 block first       batch           rule-based                             110781.60497750105  620009.232624581     No
      
12 investigate first batch           classifier             medium          -64687.21774889807  2659322.645148023    No
      
13 investigate first continuous      rule-based                             256063.0190838494   1226042.0316277707   No
      
14 investigate first continuous      classifier             medium          255862.47061756678  6763763.089924615    No
      
15 block first       batch           classifier             medium          83971.01042601654   2659322.645148023    No
      
16 block first       batch           classifier             high            133368.98467266303  1.214073874396687E7  No
      


Optimisation           Analysis            
---------------------- 
                   
Objective:             MaxExpectedBenefit
 
Objective:             MinExpectedCost
    
SolutionSpace:         24
                 
Minimal SolutionSet:   16
                 
Shortlisted:           5
                  
Runtime(s):            0
                  
ID blocking policy   processing type fraud detection method alert threshold ExpectedBenefit     ExpectedCost         Optimal
 
1  block first       continuous      rule-based                             398938.75635452906  1253572.2604501238   Yes
     
2  investigate first continuous      classifier             low             230063.19868908208  476876.48121282435   Yes
     
3  investigate first batch           classifier             low             -161963.10684298282 259804.86210621562   Yes
     
4  block first       continuous      classifier             low             383046.4983462645   476876.48121282435   Yes
     
5  block first       batch           classifier             low             -8979.80718580026   259804.86210621562   Yes
     
6  investigate first batch           classifier             high            -41222.85401651977  1.248422604107598E7  No
      
7  block first       continuous      classifier             medium          398115.5902498042   6950399.236539611    No
      
8  investigate first batch           rule-based                             -65795.54548322219  633788.6554680909    No
      
9  block first       continuous      classifier             high            410916.2537947421   1.8732913563235942E7 No
      
10 investigate first continuous      classifier             high            257932.95413756027  1.8732913563235942E7 No
      
11 block first       batch           rule-based                             87187.75417396035   633788.6554680909    No
      
12 investigate first batch           classifier             medium          -95568.63211639019  2656776.9599067476   No
      
13 investigate first continuous      rule-based                             245955.45669734594  1253572.2604501238   No
      
14 investigate first continuous      classifier             medium          245132.2905926208   6950399.236539611    No
      
15 block first       batch           classifier             medium          57414.66754079226   2656776.9599067476   No
      
16 block first       batch           classifier             high            111760.44564066274  1.248422604107598E7  No
      


