Optimisation           Analysis            
---------------------- 
                   
Objective:             MaxExpectedBenefit
 
Objective:             MinExpectedCost
    
SolutionSpace:         24
                 
Minimal SolutionSet:   16
                 
Shortlisted:           5
                  
Runtime(s):            0
                  
ID blocking policy   processing type fraud detection method alert threshold ExpectedBenefit     ExpectedCost         Optimal
 
1  block first       continuous      rule-based                             402081.8672979812   1208283.1689735276   Yes
     
2  investigate first continuous      classifier             low             240809.0211213045   457038.639094585     Yes
     
3  investigate first batch           classifier             low             -133506.9209823017  256114.27884619322   Yes
     
4  block first       continuous      classifier             low             386535.59336759936  457038.639094585     Yes
     
5  block first       batch           classifier             low             12219.651263995229  256114.27884619322   Yes
     
6  investigate first batch           classifier             high            -18169.518904700966 1.1975583809985165E7 No
      
7  block first       continuous      classifier             medium          401803.9382076385   6518363.334572397    No
      
8  investigate first batch           rule-based                             -40561.46766757892  610925.7800876215    No
      
9  block first       continuous      classifier             high            413376.7301201799   1.791455777830799E7  No
      
10 investigate first continuous      classifier             high            267650.15787388314  1.791455777830799E7  No
      
11 block first       batch           rule-based                             105165.10457871843  610925.7800876215    No
      
12 investigate first batch           classifier             medium          -68045.43822820435  2585922.456454694    No
      
13 investigate first continuous      rule-based                             256355.29505168452  1208283.1689735276   No
      
14 investigate first continuous      classifier             medium          256077.36596134127  6518363.334572397    No
      
15 block first       batch           classifier             medium          77681.13401809233   2585922.456454694    No
      
16 block first       batch           classifier             high            127557.05334159579  1.1975583809985165E7 No
      


Optimisation           Analysis            
---------------------- 
                   
Objective:             MaxExpectedBenefit
 
Objective:             MinExpectedCost
    
SolutionSpace:         24
                 
Minimal SolutionSet:   16
                 
Shortlisted:           5
                  
Runtime(s):            0
                  
ID blocking policy   processing type fraud detection method alert threshold ExpectedBenefit     ExpectedCost         Optimal
 
1  block first       continuous      rule-based                             402816.61090836744  1211629.409172819    Yes
     
2  investigate first continuous      classifier             low             241468.41922648493  460693.49220353574   Yes
     
3  investigate first batch           classifier             low             -134204.5075750484  254380.30999593058   Yes
     
4  block first       continuous      classifier             low             387412.3043943576   460693.49220353574   Yes
     
5  block first       batch           classifier             low             11739.377592823092  254380.30999593058   Yes
     
6  investigate first batch           classifier             high            -18412.570814120558 1.203996458230984E7  No
      
7  block first       continuous      classifier             medium          402486.0162101584   6568860.0677286815   No
      
8  investigate first batch           rule-based                             -40994.74506672216  612526.8715455325    No
      
9  block first       continuous      classifier             high            413904.0101115256   1.7982609527494013E7 No
      
10 investigate first continuous      classifier             high            267960.1249436518   1.7982609527494013E7 No
      
11 block first       batch           rule-based                             104949.14010114923  612526.8715455325    No
      
12 investigate first batch           classifier             medium          -68176.55598696998  2621050.482458795    No
      
13 investigate first continuous      rule-based                             256872.72574049592  1211629.409172819    No
      
14 investigate first continuous      classifier             medium          256542.13104228617  6568860.0677286815   No
      
15 block first       batch           classifier             medium          77767.3291809012    2621050.482458795    No
      
16 block first       batch           classifier             high            127531.31435375118  1.203996458230984E7  No
      


Optimisation           Analysis            
---------------------- 
                   
Objective:             MaxExpectedBenefit
 
Objective:             MinExpectedCost
    
SolutionSpace:         24
                 
Minimal SolutionSet:   16
                 
Shortlisted:           5
                  
Runtime(s):            0
                  
ID blocking policy   processing type fraud detection method alert threshold ExpectedBenefit     ExpectedCost         Optimal
 
1  block first       continuous      rule-based                             402807.1855155704   1217115.4969297426   Yes
     
2  investigate first continuous      classifier             low             238947.34145922636  461340.99835568684   Yes
     
3  investigate first batch           classifier             low             -139913.4278672174  257497.68473810944   Yes
     
4  block first       continuous      classifier             low             387346.8491203514   461340.99835568684   Yes
     
5  block first       batch           classifier             low             8486.079793906387   257497.68473810944   Yes
     
6  investigate first batch           classifier             high            -23122.116795561353 1.2049710199737005E7 No
      
7  block first       continuous      classifier             medium          402521.64852971036  6593615.124072588    No
      
8  investigate first batch           rule-based                             -45705.72058651871  615368.7640648467    No
      
9  block first       continuous      classifier             high            414024.50483839924  1.808027199609858E7  No
      
10 investigate first continuous      classifier             high            265624.99717727647  1.808027199609858E7  No
      
11 block first       batch           rule-based                             102693.7870746056   615368.7640648467    No
      
12 investigate first batch           classifier             medium          -73523.98943605006  2603040.535741176    No
      
13 investigate first continuous      rule-based                             254407.6778544461   1217115.4969297426   No
      
14 investigate first continuous      classifier             medium          254122.140868584    6593615.124072588    No
      
15 block first       batch           classifier             medium          74875.51822507403   2603040.535741176    No
      
16 block first       batch           classifier             high            125277.39086556282  1.2049710199737005E7 No
      


