Optimisation           Analysis                          
---------------------- 
                                 
Objective:             MinExpectedCostOfDisclosures
     
Objective:             MinRiskOfCatastrophicDisclosures
 
SolutionSpace:         6
                                
Minimal SolutionSet:   6
                                
Shortlisted:           2
                                
Runtime(s):            0
                                
ID Building entry security Document Sharing Policy  ExpectedCostOfDisclosures RiskOfCatastrophicDisclosures Optimal
 
1  not guarded             Recommend Email          923.5212673016692         0.0                           Yes
     
2  guarded                 Recommend Email          923.5212673016692         0.0                           Yes
     
3  guarded                 Recommend External Media 1103388.6759120089        0.298                         No
      
4  not guarded             Recommend External Media 3454895.1729246965        0.656                         No
      
5  not guarded             Neutral                  3001.4441187304296        0.0                           No
      
6  guarded                 Neutral                  3001.4441187304296        0.0                           No
      


Optimisation           Analysis                          
---------------------- 
                                 
Objective:             MinExpectedCostOfDisclosures
     
Objective:             MinRiskOfCatastrophicDisclosures
 
SolutionSpace:         6
                                
Minimal SolutionSet:   6
                                
Shortlisted:           2
                                
Runtime(s):            0
                                
ID Building entry security Document Sharing Policy  ExpectedCostOfDisclosures RiskOfCatastrophicDisclosures Optimal
 
1  not guarded             Recommend Email          888.7963137024207         0.0                           Yes
     
2  guarded                 Recommend Email          888.7963137024207         0.0                           Yes
     
3  guarded                 Recommend External Media 975198.2607899994         0.28                          No
      
4  not guarded             Recommend External Media 2889548.2661674493        0.644                         No
      
5  not guarded             Neutral                  2888.5880195328673        0.0                           No
      
6  guarded                 Neutral                  2888.5880195328673        0.0                           No
      


Optimisation           Analysis                          
---------------------- 
                                 
Objective:             MinExpectedCostOfDisclosures
     
Objective:             MinRiskOfCatastrophicDisclosures
 
SolutionSpace:         6
                                
Minimal SolutionSet:   6
                                
Shortlisted:           2
                                
Runtime(s):            0
                                
ID Building entry security Document Sharing Policy  ExpectedCostOfDisclosures RiskOfCatastrophicDisclosures Optimal
 
1  not guarded             Recommend Email          915.9304443094555         0.0                           Yes
     
2  guarded                 Recommend Email          915.9304443094555         0.0                           Yes
     
3  guarded                 Recommend External Media 1001029.5716643262        0.315                         No
      
4  not guarded             Recommend External Media 2964311.3833281607        0.659                         No
      
5  not guarded             Neutral                  2976.773944005728         0.0                           No
      
6  guarded                 Neutral                  2976.773944005728         0.0                           No
      


