Optimisation           Analysis 
---------------------- 
        
Objective:             MaxENB
  
Objective:             MinLP
   
SolutionSpace:         2
       
Minimal SolutionSet:   2
       
Shortlisted:           2
       
Runtime(s):            0
       
ID Architecture choice ENB                LP     Optimal
 
1  As-is               2.0242408306867183 0.2269 Yes
     
2  Refactoring         0.9994926466523695 0.0    Yes
     

Information Value Analysis 
                     
-------------------------- 

                    
Objective:                 ENB
                  
EVTPI:                     0.6575429554896766

  
Parameter                  EVPPI 
               
----------                 ----- 

              
Benefit[As-is]             0.5541608676309999
   
Benefit[Refactoring]       0.0
                  
Cost[As-is]                0.15680629990704986
  
Cost[Refactoring]          6.595404326787957E-4
 

