Optimisation           Analysis            
---------------------- 
                   
Objective:             MaxExpectedBenefit
 
Objective:             MinExpectedCost
    
SolutionSpace:         24
                 
Minimal SolutionSet:   16
                 
Shortlisted:           5
                  
Runtime(s):            0
                  
ID blocking policy   processing type fraud detection method alert threshold ExpectedBenefit     ExpectedCost         Optimal
 
1  block first       continuous      rule-based                             401860.2199740055   1210491.2278614396   Yes
     
2  investigate first continuous      classifier             low             241274.22594708652  455537.16281226225   Yes
     
3  investigate first batch           classifier             low             -134837.50731309978 253278.5185719698    Yes
     
4  block first       continuous      classifier             low             386383.8463140758   455537.16281226225   Yes
     
5  block first       batch           classifier             low             10272.113053888284  253278.5185719698    Yes
     
6  investigate first batch           classifier             high            -18770.445030919887 1.198520738229277E7  No
      
7  block first       continuous      classifier             medium          401541.4127415967   6658658.175143577    No
      
8  investigate first batch           rule-based                             -41071.36353402468  611981.8324230356    No
      
9  block first       continuous      classifier             high            413218.29797055776  1.7991772395200003E7 No
      
10 investigate first continuous      classifier             high            268108.6776035696   1.7991772395200003E7 No
      
11 block first       batch           rule-based                             104038.25683296294  611981.8324230356    No
      
12 investigate first batch           classifier             medium          -68783.87152653195  2623126.9330834146   No
      
13 investigate first continuous      rule-based                             256750.59960701747  1210491.2278614396   No
      
14 investigate first continuous      classifier             medium          256431.79237460942  6658658.175143577    No
      
15 block first       batch           classifier             medium          76325.74884045582   2623126.9330834146   No
      
16 block first       batch           classifier             high            126339.17533606799  1.198520738229277E7  No
      

Information Value Analysis                 
                   
--------------------------                 

                  
Objective:                                 ExpectedBenefit
    
EVTPI:                                     2992.363966606674

 
Parameter                                  EVPPI 
             
----------                                 ----- 

            
NbrAccounts                                0.0
                
CompromisedAccountRatio                    0.0
                
AverageFraudValue                          2268.2997700183187
 
NbrFraudPerCompromisedAccountPerDay        709.0169651657343
  
InvestigationDelay                         0.0
                
ContinuousAlertThreshold[high]             0.0
                
ContinuousAlertThreshold[medium]           0.0
                
ContinuousAlertThreshold[low]              0.0
                
BatchAlertThreshold[high]                  0.0
                
BatchAlertThreshold[medium]                0.0
                
BatchAlertThreshold[low]                   0.0
                
CostPerAlert                               0.0
                
ContinuousClassierTrueNegativeRate[high]   0.0
                
ContinuousClassierTrueNegativeRate[medium] 0.0
                
ContinuousClassierTrueNegativeRate[low]    0.0
                
BatchClassifierTrueNegativeRate[high]      0.0
                
BatchClassifierTrueNegativeRate[medium]    0.0
                
BatchClassifierTrueNegativeRate[low]       0.0
                
NbrLegitTransactionsPerAccountPerDay       0.0
                

