Optimisation           Analysis                          
---------------------- 
                                 
Objective:             MinExpectedCostOfDisclosures
     
Objective:             MinRiskOfCatastrophicDisclosures
 
SolutionSpace:         6
                                
Minimal SolutionSet:   6
                                
Shortlisted:           2
                                
Nbr. Variables:        23
                               
Nbr. Parameters:       11
                               
Nbr. Decisions:        2
                                
Runtime(s):            0
                                
ID Building entry security Document Sharing Policy  ExpectedCostOfDisclosures RiskOfCatastrophicDisclosures Optimal
 
1  not guarded             Recommend Email          915.421104994325          0.0                           Yes
     
2  guarded                 Recommend Email          915.421104994325          0.0                           Yes
     
3  guarded                 Recommend External Media 1069715.83018919          0.3073                        No
      
4  not guarded             Recommend External Media 3196514.3050295115        0.6569                        No
      
5  not guarded             Neutral                  2975.1185912315545        0.0                           No
      
6  guarded                 Neutral                  2975.1185912315545        0.0                           No
      

Information Value Analysis          
                          
--------------------------          

                         
Objective:                          ExpectedCostOfDisclosures
 
EVTPI:                              0.0

                      
Parameter                           EVPPI 
                    
----------                          ----- 

                   
Ratio_HighConfidentialityDocs       0.0
                       
Ratio_MediumConfidentialityDocs     0.0
                       
Ratio_LowConfidentialityDocs        0.0
                       
Cost_HighConfidentialityLeak        0.0
                       
Cost_MediumConfidentialityLeak      0.0
                       
Cost_LowConfidentialityLeak         0.0
                       
SharedDriveLeakRange                0.0
                       
Nbr_OfficeIntrusions[not guarded]   0.0
                       
Nbr_OfficeIntrusions[guarded]       0.0
                       
Percentage_MediaStolenPerInstrusion 0.0
                       
Nbr_DocsPerMedia                    0.0
                       

