Optimisation           Analysis                          
---------------------- 
                                 
Objective:             MinExpectedCostOfDisclosures
     
Objective:             MinRiskOfCatastrophicDisclosures
 
SolutionSpace:         6
                                
Minimal SolutionSet:   6
                                
Shortlisted:           2
                                
Runtime(s):            0
                                
ID Building entry security Document Sharing Policy  ExpectedCostOfDisclosures RiskOfCatastrophicDisclosures Optimal
 
1  not guarded             Recommend Email          906.2686741119724         0.0                           Yes
     
2  guarded                 Recommend Email          906.2686741119724         0.0                           Yes
     
3  guarded                 Recommend External Media 1071893.4399577077        0.3047                        No
      
4  not guarded             Recommend External Media 3223716.560687767         0.6525                        No
      
5  not guarded             Neutral                  2945.3731908639065        0.0                           No
      
6  guarded                 Neutral                  2945.3731908639065        0.0                           No
      


Optimisation           Analysis                          
---------------------- 
                                 
Objective:             MinExpectedCostOfDisclosures
     
Objective:             MinRiskOfCatastrophicDisclosures
 
SolutionSpace:         6
                                
Minimal SolutionSet:   6
                                
Shortlisted:           2
                                
Runtime(s):            0
                                
ID Building entry security Document Sharing Policy  ExpectedCostOfDisclosures RiskOfCatastrophicDisclosures Optimal
 
1  not guarded             Recommend Email          912.4124536862165         0.0                           Yes
     
2  guarded                 Recommend Email          912.4124536862165         0.0                           Yes
     
3  guarded                 Recommend External Media 1057299.134168798         0.3023                        No
      
4  not guarded             Recommend External Media 3160294.5099860257        0.6505                        No
      
5  not guarded             Neutral                  2965.340474480209         0.0                           No
      
6  guarded                 Neutral                  2965.340474480209         0.0                           No
      


Optimisation           Analysis                          
---------------------- 
                                 
Objective:             MinExpectedCostOfDisclosures
     
Objective:             MinRiskOfCatastrophicDisclosures
 
SolutionSpace:         6
                                
Minimal SolutionSet:   6
                                
Shortlisted:           2
                                
Runtime(s):            0
                                
ID Building entry security Document Sharing Policy  ExpectedCostOfDisclosures RiskOfCatastrophicDisclosures Optimal
 
1  not guarded             Recommend Email          909.6678690700876         0.0                           Yes
     
2  guarded                 Recommend Email          909.6678690700876         0.0                           Yes
     
3  guarded                 Recommend External Media 1084772.6921026937        0.3062                        No
      
4  not guarded             Recommend External Media 3246817.184076867         0.656                         No
      
5  not guarded             Neutral                  2956.420574477802         0.0                           No
      
6  guarded                 Neutral                  2956.420574477802         0.0                           No
      


