Optimisation Analysis 
============================ 

Objective: 		MaxENB
Objective: 		MinRisk
SolutionSpace: 			6912
Evaluated: 			6912
Shortlisted: 			11
Runtime(s): 			45

ID 	Location Finding	File Sharing	Report Syncing	Chat Protocol	Map Access	Hardware Platform	Connectivity	Database	Architectural Pattern	Data Exchange Format	ENB	Risk	Optimal
1	radio triangulation	OpenIntent	Explicit	XMPP (Open Fire)	Preloaded (ESRI)	Nexus I (HTC)	3G on Droid	MySQL	Client-Server	XML	15.24312005004271	0.4621	Yes
2	radio triangulation	OpenIntent	Explicit	XMPP (Open Fire)	Preloaded (ESRI)	Nexus I (HTC)	3G on Droid	MySQL	Client-Server	Unformatted data	15.168196704849683	0.4541	Yes
3	radio triangulation	OpenIntent	Explicit	XMPP (Open Fire)	Preloaded (ESRI)	Droid (Motorola)	3G on Nexus I	MySQL	Client-Server	Unformatted data	15.200451607149484	0.4609	Yes
4	radio triangulation	OpenIntent	Explicit	XMPP (Open Fire)	Preloaded (ESRI)	Droid (Motorola)	3G on Droid	MySQL	Client-Server	XML	15.447895300846126	0.6818	Yes
5	radio triangulation	OpenIntent	Explicit	XMPP (Open Fire)	Preloaded (ESRI)	Droid (Motorola)	3G on Droid	MySQL	Client-Server	Unformatted data	15.372971955653064	0.5444	Yes
6	radio triangulation	OpenIntent	Implicit	XMPP (Open Fire)	Preloaded (ESRI)	Nexus I (HTC)	Wifi	MySQL	Client-Server	Unformatted data	16.009077462466557	0.9158	Yes
7	radio triangulation	OpenIntent	Implicit	XMPP (Open Fire)	Preloaded (ESRI)	Nexus I (HTC)	3G on Nexus I	MySQL	Client-Server	Unformatted data	15.789241253063938	0.7453	Yes
8	radio triangulation	OpenIntent	Implicit	XMPP (Open Fire)	Preloaded (ESRI)	Nexus I (HTC)	3G on Droid	MySQL	Client-Server	Unformatted data	15.961761601567487	0.8731	Yes
9	radio triangulation	OpenIntent	Implicit	XMPP (Open Fire)	Preloaded (ESRI)	Nexus I (HTC)	3G on Droid	MySQL	Push-based	Unformatted data	15.50522718511702	0.6831	Yes
10	radio triangulation	OpenIntent	Implicit	XMPP (Open Fire)	Preloaded (ESRI)	Droid (Motorola)	Wifi	MySQL	Client-Server	Compressed XML	16.37179563594212	1.0	Yes
11	radio triangulation	In house	Explicit	XMPP (Open Fire)	Preloaded (ESRI)	Nexus I (HTC)	3G on Droid	MySQL	Client-Server	Unformatted data	14.520384724622193	0.4382	Yes

Information Value Analysis 
===============================

Objective: 			ENB
EVTPI: 			 0.0

Parameter 			 EVPPI 
BatteryUsage_LocationFinding[GPS]: 			 4.973799150320701E-14
BatteryUsage_LocationFinding[radio triangulation]: 			 4.973799150320701E-14
BatteryUsage_FileSharing[OpenIntent]: 			 4.973799150320701E-14
BatteryUsage_FileSharing[In house]: 			 3.552713678800501E-15
BatteryUsage_ReportSyncing[Explicit]: 			 4.973799150320701E-14
BatteryUsage_ReportSyncing[Implicit]: 			 4.973799150320701E-14
BatteryUsage_ChatProtocol[XMPP (Open Fire)]: 			 4.973799150320701E-14
BatteryUsage_ChatProtocol[In house]: 			 4.973799150320701E-14
BatteryUsage_MapAccess[On Demand (Google)]: 			 4.973799150320701E-14
BatteryUsage_MapAccess[Cache on server]: 			 4.973799150320701E-14
BatteryUsage_MapAccess[Preloaded (ESRI)]: 			 4.973799150320701E-14
BatteryUsage_HardwarePlatform[Nexus I (HTC)]: 			 4.973799150320701E-14
BatteryUsage_HardwarePlatform[Droid (Motorola)]: 			 4.973799150320701E-14
BatteryUsage_Connectivity[Wifi]: 			 4.973799150320701E-14
BatteryUsage_Connectivity[3G on Nexus I]: 			 4.973799150320701E-14
BatteryUsage_Connectivity[3G on Droid]: 			 4.973799150320701E-14
BatteryUsage_Connectivity[Bluetooth]: 			 4.973799150320701E-14
BatteryUsage_DataBase[MySQL]: 			 4.973799150320701E-14
BatteryUsage_DataBase[sqLite]: 			 4.973799150320701E-14
BatteryUsage_ArchitecturalPattern[Peer-to-peer]: 			 4.973799150320701E-14
BatteryUsage_ArchitecturalPattern[Client-Server]: 			 4.973799150320701E-14
BatteryUsage_ArchitecturalPattern[Push-based]: 			 4.973799150320701E-14
BatteryUsage_DataExchangeFormat[XML]: 			 4.973799150320701E-14
BatteryUsage_DataExchangeFormat[Compressed XML]: 			 4.973799150320701E-14
BatteryUsage_DataExchangeFormat[Unformatted data]: 			 4.973799150320701E-14
ResponseTime_LocationFinding[GPS]: 			 4.973799150320701E-14
ResponseTime_LocationFinding[radio triangulation]: 			 4.973799150320701E-14
ResponseTime_FileSharing[OpenIntent]: 			 4.973799150320701E-14
ResponseTime_FileSharing[In house]: 			 4.973799150320701E-14
ResponseTime_ReportSyncing[Explicit]: 			 4.973799150320701E-14
ResponseTime_ReportSyncing[Implicit]: 			 4.973799150320701E-14
ResponseTime_ChatProtocol[XMPP (Open Fire)]: 			 4.973799150320701E-14
ResponseTime_ChatProtocol[In house]: 			 4.973799150320701E-14
ResponseTime_MapAccess[On Demand (Google)]: 			 4.973799150320701E-14
ResponseTime_MapAccess[Cache on server]: 			 4.973799150320701E-14
ResponseTime_MapAccess[Preloaded (ESRI)]: 			 4.973799150320701E-14
ResponseTime_HardwarePlatform[Nexus I (HTC)]: 			 4.973799150320701E-14
ResponseTime_HardwarePlatform[Droid (Motorola)]: 			 4.973799150320701E-14
ResponseTime_Connectivity[Wifi]: 			 4.973799150320701E-14
ResponseTime_Connectivity[3G on Nexus I]: 			 4.973799150320701E-14
ResponseTime_Connectivity[3G on Droid]: 			 4.973799150320701E-14
ResponseTime_Connectivity[Bluetooth]: 			 4.973799150320701E-14
ResponseTime_DataBase[MySQL]: 			 4.973799150320701E-14
ResponseTime_DataBase[sqLite]: 			 4.973799150320701E-14
ResponseTime_ArchitecturalPattern[Peer-to-peer]: 			 4.973799150320701E-14
ResponseTime_ArchitecturalPattern[Client-Server]: 			 4.973799150320701E-14
ResponseTime_ArchitecturalPattern[Push-based]: 			 4.973799150320701E-14
ResponseTime_DataExchangeFormat[XML]: 			 4.973799150320701E-14
ResponseTime_DataExchangeFormat[Compressed XML]: 			 4.973799150320701E-14
ResponseTime_DataExchangeFormat[Unformatted data]: 			 4.973799150320701E-14
Reliability_LocationFinding[GPS]: 			 4.973799150320701E-14
Reliability_LocationFinding[radio triangulation]: 			 4.973799150320701E-14
Reliability_FileSharing[OpenIntent]: 			 4.973799150320701E-14
Reliability_FileSharing[In house]: 			 4.973799150320701E-14
Reliability_ReportSyncing[Explicit]: 			 4.973799150320701E-14
Reliability_ReportSyncing[Implicit]: 			 4.973799150320701E-14
Reliability_ChatProtocol[XMPP (Open Fire)]: 			 4.973799150320701E-14
Reliability_ChatProtocol[In house]: 			 4.973799150320701E-14
Reliability_MapAccess[On Demand (Google)]: 			 4.973799150320701E-14
Reliability_MapAccess[Cache on server]: 			 4.973799150320701E-14
Reliability_MapAccess[Preloaded (ESRI)]: 			 4.973799150320701E-14
Reliability_Connectivity[Wifi]: 			 4.973799150320701E-14
Reliability_Connectivity[3G on Nexus I]: 			 4.973799150320701E-14
Reliability_Connectivity[3G on Droid]: 			 4.973799150320701E-14
Reliability_Connectivity[Bluetooth]: 			 4.973799150320701E-14
Reliability_DataBase[MySQL]: 			 4.973799150320701E-14
Reliability_DataBase[sqLite]: 			 4.973799150320701E-14
Reliability_ArchitecturalPattern[Peer-to-peer]: 			 4.973799150320701E-14
Reliability_ArchitecturalPattern[Client-Server]: 			 4.973799150320701E-14
Reliability_ArchitecturalPattern[Push-based]: 			 4.973799150320701E-14
RampUpTime_LocationFinding[GPS]: 			 4.973799150320701E-14
RampUpTime_LocationFinding[radio triangulation]: 			 4.973799150320701E-14
RampUpTime_FileSharing[OpenIntent]: 			 4.973799150320701E-14
RampUpTime_FileSharing[In house]: 			 4.973799150320701E-14
RampUpTime_ReportSyncing[Explicit]: 			 4.973799150320701E-14
RampUpTime_ReportSyncing[Implicit]: 			 4.973799150320701E-14
RampUpTime_ChatProtocol[XMPP (Open Fire)]: 			 4.973799150320701E-14
RampUpTime_ChatProtocol[In house]: 			 4.973799150320701E-14
RampUpTime_MapAccess[On Demand (Google)]: 			 4.973799150320701E-14
RampUpTime_MapAccess[Cache on server]: 			 4.973799150320701E-14
RampUpTime_MapAccess[Preloaded (ESRI)]: 			 4.973799150320701E-14
RampUpTime_Connectivity[Wifi]: 			 4.973799150320701E-14
RampUpTime_Connectivity[3G on Nexus I]: 			 4.973799150320701E-14
RampUpTime_Connectivity[3G on Droid]: 			 4.973799150320701E-14
RampUpTime_Connectivity[Bluetooth]: 			 4.973799150320701E-14
RampUpTime_DataBase[MySQL]: 			 4.973799150320701E-14
RampUpTime_DataBase[sqLite]: 			 4.973799150320701E-14
RampUpTime_ArchitecturalPattern[Peer-to-peer]: 			 4.973799150320701E-14
RampUpTime_ArchitecturalPattern[Client-Server]: 			 4.973799150320701E-14
RampUpTime_ArchitecturalPattern[Push-based]: 			 4.973799150320701E-14
RampUpTime_DataExchangeFormat[XML]: 			 4.973799150320701E-14
RampUpTime_DataExchangeFormat[Compressed XML]: 			 4.973799150320701E-14
RampUpTime_DataExchangeFormat[Unformatted data]: 			 4.973799150320701E-14
Cost_LocationFinding[GPS]: 			 4.973799150320701E-14
Cost_MapAccess[Cache on server]: 			 4.973799150320701E-14
Cost_MapAccess[Preloaded (ESRI)]: 			 4.973799150320701E-14
Cost_HardwarePlatform[Nexus I (HTC)]: 			 4.973799150320701E-14
Cost_HardwarePlatform[Droid (Motorola)]: 			 4.973799150320701E-14
Cost_Connectivity[Wifi]: 			 4.973799150320701E-14
Cost_Connectivity[3G on Nexus I]: 			 4.973799150320701E-14
Cost_Connectivity[3G on Droid]: 			 4.973799150320701E-14
Cost_Connectivity[Bluetooth]: 			 4.973799150320701E-14
DevelopmentTime_LocationFinding[GPS]: 			 4.973799150320701E-14
DevelopmentTime_LocationFinding[radio triangulation]: 			 4.973799150320701E-14
DevelopmentTime_FileSharing[OpenIntent]: 			 4.973799150320701E-14
DevelopmentTime_FileSharing[In house]: 			 4.973799150320701E-14
DevelopmentTime_ReportSyncing[Explicit]: 			 4.973799150320701E-14
DevelopmentTime_ReportSyncing[Implicit]: 			 4.973799150320701E-14
DevelopmentTime_ChatProtocol[XMPP (Open Fire)]: 			 4.973799150320701E-14
DevelopmentTime_ChatProtocol[In house]: 			 4.973799150320701E-14
DevelopmentTime_MapAccess[On Demand (Google)]: 			 4.973799150320701E-14
DevelopmentTime_MapAccess[Cache on server]: 			 4.973799150320701E-14
DevelopmentTime_MapAccess[Preloaded (ESRI)]: 			 4.973799150320701E-14
DevelopmentTime_DataBase[MySQL]: 			 4.973799150320701E-14
DevelopmentTime_DataBase[sqLite]: 			 4.973799150320701E-14
DevelopmentTime_ArchitecturalPattern[Peer-to-peer]: 			 4.973799150320701E-14
DevelopmentTime_ArchitecturalPattern[Client-Server]: 			 4.973799150320701E-14
DevelopmentTime_ArchitecturalPattern[Push-based]: 			 4.973799150320701E-14
DevelopmentTime_DataExchangeFormat[XML]: 			 4.973799150320701E-14
DevelopmentTime_DataExchangeFormat[Compressed XML]: 			 4.973799150320701E-14
DevelopmentTime_DataExchangeFormat[Unformatted data]: 			 4.973799150320701E-14
DeploymentTime_LocationFinding[GPS]: 			 4.973799150320701E-14
DeploymentTime_LocationFinding[radio triangulation]: 			 4.973799150320701E-14
DeploymentTime_FileSharing[OpenIntent]: 			 4.973799150320701E-14
DeploymentTime_ReportSyncing[Explicit]: 			 4.973799150320701E-14
DeploymentTime_ChatProtocol[XMPP (Open Fire)]: 			 4.973799150320701E-14
DeploymentTime_MapAccess[Cache on server]: 			 4.973799150320701E-14
DeploymentTime_MapAccess[Preloaded (ESRI)]: 			 4.973799150320701E-14
DeploymentTime_Connectivity[Wifi]: 			 4.973799150320701E-14
DeploymentTime_Connectivity[3G on Nexus I]: 			 4.973799150320701E-14
DeploymentTime_Connectivity[3G on Droid]: 			 4.973799150320701E-14
DeploymentTime_Connectivity[Bluetooth]: 			 4.973799150320701E-14
DeploymentTime_DataBase[MySQL]: 			 4.973799150320701E-14
DeploymentTime_DataBase[sqLite]: 			 4.973799150320701E-14
DeploymentTime_ArchitecturalPattern[Peer-to-peer]: 			 4.973799150320701E-14
DeploymentTime_ArchitecturalPattern[Client-Server]: 			 4.973799150320701E-14
DeploymentTime_ArchitecturalPattern[Push-based]: 			 4.973799150320701E-14

