Optimisation Analysis 
============================ 

Objective: 		MinExpectedCostOfDisclosures
Objective: 		MinRiskOfCatastrophicDisclosures
SolutionSpace: 			6
Evaluated: 			6
Shortlisted: 			2
Runtime(s): 			0

ID 	Building entry security	Document Sharing Policy	ExpectedCostOfDisclosures	RiskOfCatastrophicDisclosures	Optimal
1	not guarded	Recommend Email	915.0787980434347	0.0	Yes
2	guarded	Recommend Email	915.0787980434347	0.0	Yes
3	not guarded	Neutral	2974.006093641169	0.0	No
4	not guarded	Recommend External Media	3187186.452963598	0.6542	No
5	guarded	Neutral	2974.006093641169	0.0	No
6	guarded	Recommend External Media	1072767.7322428504	0.2996	No

Information Value Analysis 
===============================

Objective: 			ExpectedCostOfDisclosures
EVTPI: 			 0.0

Parameter 			 EVPPI 
Ratio_HighConfidentialityDocs: 			 0.0
Ratio_MediumConfidentialityDocs: 			 0.0
Ratio_LowConfidentialityDocs: 			 0.0
Cost_HighConfidentialityLeak: 			 0.0
Cost_MediumConfidentialityLeak: 			 0.0
Cost_LowConfidentialityLeak: 			 0.0
SharedDriveLeakRange: 			 0.0
Nbr_OfficeIntrusions[not guarded]: 			 0.0
Nbr_OfficeIntrusions[guarded]: 			 0.0
Percentage_MediaStolenPerInstrusion: 			 0.0
Nbr_DocsPerMedia: 			 0.0

