Optimisation           Analysis 
---------------------- 
        
Objective:             MaxENB
  
Objective:             MinLP
   
SolutionSpace:         2
       
Minimal SolutionSet:   2
       
Shortlisted:           2
       
Runtime(s):            0
       
ID Architecture choice ENB                LP     Optimal
 
1  As-is               2.0014963924012625 0.2309 Yes
     
2  Refactoring         0.999752390013106  0.0    Yes
     


Optimisation           Analysis 
---------------------- 
        
Objective:             MaxENB
  
Objective:             MinLP
   
SolutionSpace:         2
       
Minimal SolutionSet:   2
       
Shortlisted:           2
       
Runtime(s):            0
       
ID Architecture choice ENB               LP     Optimal
 
1  As-is               2.019900642097098 0.2273 Yes
     
2  Refactoring         0.999354223118951 0.0    Yes
     


Optimisation           Analysis 
---------------------- 
        
Objective:             MaxENB
  
Objective:             MinLP
   
SolutionSpace:         2
       
Minimal SolutionSet:   2
       
Shortlisted:           2
       
Runtime(s):            0
       
ID Architecture choice ENB                LP     Optimal
 
1  As-is               1.9733347198071396 0.2333 Yes
     
2  Refactoring         1.0005729424747345 0.0    Yes
     


