Optimisation           Analysis 
---------------------- 
        
Objective:             MaxENB
  
Objective:             MinLP
   
SolutionSpace:         2
       
Minimal SolutionSet:   2
       
Shortlisted:           2
       
Runtime(s):            0
       
ID Architecture choice ENB                LP    Optimal
 
1  As-is               1.932197464655762  0.251 Yes
     
2  Refactoring         1.0010088603605574 0.0   Yes
     


Optimisation           Analysis 
---------------------- 
        
Objective:             MaxENB
  
Objective:             MinLP
   
SolutionSpace:         2
       
Minimal SolutionSet:   2
       
Shortlisted:           2
       
Runtime(s):            0
       
ID Architecture choice ENB                LP    Optimal
 
1  As-is               2.0125652232970475 0.231 Yes
     
2  Refactoring         1.0015316090036703 0.0   Yes
     


Optimisation           Analysis 
---------------------- 
        
Objective:             MaxENB
  
Objective:             MinLP
   
SolutionSpace:         2
       
Minimal SolutionSet:   2
       
Shortlisted:           2
       
Runtime(s):            0
       
ID Architecture choice ENB                LP    Optimal
 
1  As-is               1.9711857414793448 0.222 Yes
     
2  Refactoring         0.9962399508050561 0.0   Yes
     


