Optimisation Analysis 
============================ 

Objective: 		MinExpectedFinancialLoss
Objective: 		MinInvestigationCost
SolutionSpace: 			24
Evaluated: 			24
Shortlisted: 			1
Runtime(s): 			0

ID 	blocking policy	processing type	fraud detection method	threshold level	ExpectedFinancialLoss	InvestigationCost	Optimal
1	block first	continuous	classifier	high	15495.535620829678	2.7293963099701256E7	Yes
2	block first	continuous	classifier	medium	17432.47757343337	3.002249523046665E7	No
3	block first	continuous	classifier	low	19922.831512495326	3.0294939095498957E7	No
4	block first	continuous	rule-based	high	17104.080266714467	3.0022572609887764E7	No
5	block first	continuous	rule-based	medium	17104.080266714467	3.0022572609887764E7	No
6	block first	continuous	rule-based	low	17104.080266714467	3.0022572609887764E7	No
7	block first	batch	classifier	high	19873.02443371415	3.0023177477207124E7	No
8	block first	batch	classifier	medium	17781.12712490206	3.0174333032820642E7	No
9	block first	batch	classifier	low	15689.22981609006	3.02951665110794E7	No
10	block first	batch	rule-based	high	16735.17847049607	3.0174105617240593E7	No
11	block first	batch	rule-based	medium	16735.17847049607	3.0174105617240593E7	No
12	block first	batch	rule-based	low	16735.17847049607	3.0174105617240593E7	No
13	investigage first	continuous	classifier	high	29441.51767957639	2.7293963099701256E7	No
14	investigage first	continuous	classifier	medium	31378.45963218012	3.002249523046665E7	No
15	investigage first	continuous	classifier	low	33868.81357124189	3.0294939095498957E7	No
16	investigage first	continuous	rule-based	high	31050.062325461167	3.0022572609887764E7	No
17	investigage first	continuous	rule-based	medium	31050.062325461167	3.0022572609887764E7	No
18	investigage first	continuous	rule-based	low	31050.062325461167	3.0022572609887764E7	No
19	investigage first	batch	classifier	high	33819.0064924609	3.0023177477207124E7	No
20	investigage first	batch	classifier	medium	31727.10918364883	3.0174333032820642E7	No
21	investigage first	batch	classifier	low	29635.21187483679	3.02951665110794E7	No
22	investigage first	batch	rule-based	high	30681.160529242523	3.0174105617240593E7	No
23	investigage first	batch	rule-based	medium	30681.160529242523	3.0174105617240593E7	No
24	investigage first	batch	rule-based	low	30681.160529242523	3.0174105617240593E7	No

Information Value Analysis 
===============================

Objective: 			ExpectedFinancialLoss
EVTPI: 			 0.0

Parameter 			 EVPPI 
NbrAccounts: 			 0.0
AverageFraudValue: 			 0.0
ContinuousTrueAlertRate[rule-based]: 			 0.0
CostPerAlert: 			 0.0

