Optimisation Analysis 
============================ 

Objective: 		MaxExpectedUtility
Objective: 		MinCost
SolutionSpace: 			1024
Evaluated: 			1024
Shortlisted: 			35
Runtime(s): 			4

ID 	Order Reassignment	Forced Order Completion	Order Persistence Strategy	Order Segmentation	Hung Order Recovery	Failed Order Notification	Order Tracking	Available User Information	Order Chunking	Order Bundling	ExpectedUtility	Cost	Optimal
1	Current: not possible to reassign order	Current: not possible to force order completion	Current: store when processed	Current: no order segmentation	Current: no order retry	Current: no notification	Current: order level	Current: no link to user info	Order Chunking	No Order Bundling	-81.80456989732988	0.0	Yes
2	Current: not possible to reassign order	Current: not possible to force order completion	Current: store when processed	Current: no order segmentation	Allow Order Retry	Current: no notification	Current: order level	Current: no link to user info	Order Chunking	No Order Bundling	-77.80456989732984	200.01585687554015	Yes
3	Current: not possible to reassign order	Current: not possible to force order completion	Current: store when processed	Orders are segmented	Current: no order retry	Current: no notification	Current: order level	Current: no link to user info	Order Chunking	No Order Bundling	-75.80456989732976	200.05458016136166	Yes
4	Current: not possible to reassign order	Current: not possible to force order completion	Current: store when processed	Orders are segmented	Current: no order retry	User notified of failed order	Current: order level	Current: no link to user info	Order Chunking	No Order Bundling	-73.57234767510761	500.01961005746546	Yes
5	Current: not possible to reassign order	Current: not possible to force order completion	Current: store when processed	Orders are segmented	Allow Order Retry	Current: no notification	Current: order level	Current: no link to user info	Order Chunking	No Order Bundling	-74.20456989733007	400.07043703690306	Yes
6	Current: not possible to reassign order	Current: not possible to force order completion	Current: store when processed	Orders are segmented	Allow Order Retry	User notified of failed order	Current: order level	Current: no link to user info	Order Chunking	No Order Bundling	-71.9723476751076	700.035466933007	Yes
7	Current: not possible to reassign order	Current: not possible to force order completion	Store as soon as received	Orders are segmented	Current: no order retry	User notified of failed order	Current: order level	Current: no link to user info	Order Chunking	No Order Bundling	-67.53234767510756	3674.0052727527877	Yes
8	Current: not possible to reassign order	Current: not possible to force order completion	Store as soon as received	Orders are segmented	Allow Order Retry	User notified of failed order	Current: order level	Current: no link to user info	Order Chunking	No Order Bundling	-65.93234767510776	3874.021129628348	Yes
9	Current: not possible to reassign order	Allow Forced Order Completion	Current: store when processed	Orders are segmented	Current: no order retry	Current: no notification	Current: order level	Current: no link to user info	Order Chunking	No Order Bundling	-73.80456989732973	400.13731983394644	Yes
10	Current: not possible to reassign order	Allow Forced Order Completion	Current: store when processed	Orders are segmented	Current: no order retry	User notified of failed order	Current: order level	Current: no link to user info	Order Chunking	No Order Bundling	-71.57234767510765	700.1023497300512	Yes
11	Current: not possible to reassign order	Allow Forced Order Completion	Current: store when processed	Orders are segmented	Allow Order Retry	Current: no notification	Current: order level	Current: no link to user info	Order Chunking	No Order Bundling	-72.20456989733005	600.1531767094863	Yes
12	Current: not possible to reassign order	Allow Forced Order Completion	Current: store when processed	Orders are segmented	Allow Order Retry	User notified of failed order	Current: order level	Current: no link to user info	Order Chunking	No Order Bundling	-69.97234767510767	900.1182066055849	Yes
13	Current: not possible to reassign order	Allow Forced Order Completion	Store as soon as received	Orders are segmented	Current: no order retry	User notified of failed order	Current: order level	Current: no link to user info	Order Chunking	No Order Bundling	-65.53234767510747	3874.08801242537	Yes
14	Current: not possible to reassign order	Allow Forced Order Completion	Store as soon as received	Orders are segmented	Allow Order Retry	Current: no notification	Current: order level	Current: no link to user info	Order Chunking	No Order Bundling	-66.15456989732984	3774.1388394048527	Yes
15	Current: not possible to reassign order	Allow Forced Order Completion	Store as soon as received	Orders are segmented	Allow Order Retry	User notified of failed order	Current: order level	Current: no link to user info	Order Chunking	No Order Bundling	-63.93234767510785	4074.1038693009205	Yes
16	Allow Order Reassignment	Current: not possible to force order completion	Current: store when processed	Orders are segmented	Current: no order retry	Current: no notification	Current: order level	Current: no link to user info	Order Chunking	No Order Bundling	-72.8045698973298	599.7729218140374	Yes
17	Allow Order Reassignment	Current: not possible to force order completion	Current: store when processed	Orders are segmented	Current: no order retry	User notified of failed order	Current: order level	Current: no link to user info	Order Chunking	No Order Bundling	-70.57234767510761	899.7379517101416	Yes
18	Allow Order Reassignment	Current: not possible to force order completion	Current: store when processed	Orders are segmented	Allow Order Retry	Current: no notification	Current: order level	Current: no link to user info	Order Chunking	No Order Bundling	-71.20456989733005	799.7887786895785	Yes
19	Allow Order Reassignment	Current: not possible to force order completion	Current: store when processed	Orders are segmented	Allow Order Retry	User notified of failed order	Current: order level	Current: no link to user info	Order Chunking	No Order Bundling	-68.97234767510773	1099.7538085856731	Yes
20	Allow Order Reassignment	Current: not possible to force order completion	Store as soon as received	Orders are segmented	Current: no order retry	Current: no notification	Current: order level	Current: no link to user info	Order Chunking	No Order Bundling	-66.75456989732993	3773.7585845093704	Yes
21	Allow Order Reassignment	Current: not possible to force order completion	Store as soon as received	Orders are segmented	Current: no order retry	User notified of failed order	Current: order level	Current: no link to user info	Order Chunking	No Order Bundling	-64.53234767510745	4073.7236144054823	Yes
22	Allow Order Reassignment	Current: not possible to force order completion	Store as soon as received	Orders are segmented	Allow Order Retry	Current: no notification	Current: order level	Current: no link to user info	Order Chunking	No Order Bundling	-65.1545698973298	3973.7744413849027	Yes
23	Allow Order Reassignment	Current: not possible to force order completion	Store as soon as received	Orders are segmented	Allow Order Retry	User notified of failed order	Current: order level	Current: no link to user info	Order Chunking	No Order Bundling	-62.93234767510784	4273.739471281009	Yes
24	Allow Order Reassignment	Allow Forced Order Completion	Current: store when processed	Orders are segmented	Allow Order Retry	Current: no notification	Granule-level order tracking	Current: no link to user info	Order Chunking	No Order Bundling	-67.8745698973299	2182.3491724846926	Yes
25	Allow Order Reassignment	Allow Forced Order Completion	Current: store when processed	Orders are segmented	Allow Order Retry	Current: no notification	Granule-level order tracking	Link to user information	Order Chunking	No Order Bundling	-67.81901434177449	2392.8406779858115	Yes
26	Allow Order Reassignment	Allow Forced Order Completion	Current: store when processed	Orders are segmented	Allow Order Retry	User notified of failed order	Current: order level	Current: no link to user info	Order Chunking	No Order Bundling	-68.17234767510753	1299.836548258259	Yes
27	Allow Order Reassignment	Allow Forced Order Completion	Current: store when processed	Orders are segmented	Allow Order Retry	User notified of failed order	Current: order level	Link to user information	Order Chunking	No Order Bundling	-68.06123656399649	1510.3280537593782	Yes
28	Allow Order Reassignment	Allow Forced Order Completion	Current: store when processed	Orders are segmented	Allow Order Retry	User notified of failed order	Granule-level order tracking	Current: no link to user info	Order Chunking	No Order Bundling	-67.6483476751076	2482.314202380803	Yes
29	Allow Order Reassignment	Allow Forced Order Completion	Current: store when processed	Orders are segmented	Allow Order Retry	User notified of failed order	Granule-level order tracking	Link to user information	Order Chunking	No Order Bundling	-67.63723656399655	2692.8057078819133	Yes
30	Allow Order Reassignment	Allow Forced Order Completion	Store as soon as received	Orders are segmented	Allow Order Retry	Current: no notification	Granule-level order tracking	Current: no link to user info	Order Chunking	No Order Bundling	-61.854569897329796	5356.334835180006	Yes
31	Allow Order Reassignment	Allow Forced Order Completion	Store as soon as received	Orders are segmented	Allow Order Retry	Current: no notification	Granule-level order tracking	Link to user information	Order Chunking	No Order Bundling	-61.79901434177412	5566.8263406811375	Yes
32	Allow Order Reassignment	Allow Forced Order Completion	Store as soon as received	Orders are segmented	Allow Order Retry	User notified of failed order	Current: order level	Current: no link to user info	Order Chunking	No Order Bundling	-62.13234767510762	4473.8222109535955	Yes
33	Allow Order Reassignment	Allow Forced Order Completion	Store as soon as received	Orders are segmented	Allow Order Retry	User notified of failed order	Current: order level	Link to user information	Order Chunking	No Order Bundling	-62.02123656399685	4684.313716454701	Yes
34	Allow Order Reassignment	Allow Forced Order Completion	Store as soon as received	Orders are segmented	Allow Order Retry	User notified of failed order	Granule-level order tracking	Current: no link to user info	Order Chunking	No Order Bundling	-61.63234767510767	5656.299865076143	Yes
35	Allow Order Reassignment	Allow Forced Order Completion	Store as soon as received	Orders are segmented	Allow Order Retry	User notified of failed order	Granule-level order tracking	Link to user information	Order Chunking	No Order Bundling	-61.621236563996355	5866.791370577256	Yes

Information Value Analysis 
===============================

Objective: 			ExpectedUtility
EVTPI: 			 0.0

Parameter 			 EVPPI 
LostRequestsRatio: 			 0.0
Cost_OrderReassignment[Allow Order Reassignment]: 			 0.0
Cost_ForcedOrderCompletion[Allow Forced Order Completion]: 			 0.0
Cost_OrderPersistenceStrategy[Store as soon as received]: 			 0.0
Cost_OrderSegmentation[Orders are segmented]: 			 0.0
Cost_HungOrderRecovery[Allow Order Retry]: 			 0.0
Cost_FailedOrderNotification[User notified of failed order]: 			 0.0
Cost_OrderTracking[Granule-level order tracking]: 			 0.0
Cost_AvailableUserInformation[Link to user information]: 			 0.0
Cost_OrderChunking[Order Chunking]: 			 0.0
Cost_OrderBundling[Order Bundling]: 			 0.0

