Optimisation           Analysis                          
---------------------- 
                                 
Objective:             MinExpectedCostOfDisclosures
     
Objective:             MinRiskOfCatastrophicDisclosures
 
SolutionSpace:         6
                                
Minimal SolutionSet:   6
                                
Shortlisted:           2
                                
Runtime(s):            0
                                
ID Building entry security Document Sharing Policy  ExpectedCostOfDisclosures RiskOfCatastrophicDisclosures Optimal
 
1  not guarded             Recommend Email          911.8225453334412         0.0                           Yes
     
2  guarded                 Recommend Email          911.8225453334412         0.0                           Yes
     
3  guarded                 Recommend External Media 1097755.973084789         0.3129                        No
      
4  not guarded             Recommend External Media 3252642.188778518         0.6558                        No
      
5  not guarded             Neutral                  2963.4232723336777        0.0                           No
      
6  guarded                 Neutral                  2963.4232723336777        0.0                           No
      

Information Value Analysis          
                          
--------------------------          

                         
Objective:                          ExpectedCostOfDisclosures
 
EVTPI:                              0.0

                      
Parameter                           EVPPI 
                    
----------                          ----- 

                   
Ratio_HighConfidentialityDocs       0.0
                       
Ratio_MediumConfidentialityDocs     0.0
                       
Ratio_LowConfidentialityDocs        0.0
                       
Cost_HighConfidentialityLeak        0.0
                       
Cost_MediumConfidentialityLeak      0.0
                       
Cost_LowConfidentialityLeak         0.0
                       
SharedDriveLeakRange                0.0
                       
Nbr_OfficeIntrusions[not guarded]   0.0
                       
Nbr_OfficeIntrusions[guarded]       0.0
                       
Percentage_MediaStolenPerInstrusion 0.0
                       
Nbr_DocsPerMedia                    0.0
                       

